<!DOCTYPE html PUBLIC "-//W3C//DTD XHTML 1.1//EN" "http://www.w3.org/TR/xhtml11/DTD/xhtml11.dtd">
<html xmlns="http://www.w3.org/1999/xhtml"><head><title>TestNG Report</title><style type="text/css">table {margin-bottom:10px;border-collapse:collapse;empty-cells:show}th,td {border:1px solid #009;padding:.25em .5em}th {vertical-align:bottom}td {vertical-align:top}table a {font-weight:bold}.stripe td {background-color: #E6EBF9}.num {text-align:right}.passedodd td {background-color: #3F3}.passedeven td {background-color: #0A0}.skippedodd td {background-color: #DDD}.skippedeven td {background-color: #CCC}.failedodd td,.attn {background-color: #F33}.failedeven td,.stripe .attn {background-color: #D00}.stacktrace {white-space:pre;font-family:monospace}.totop {font-size:85%;text-align:center;border-bottom:2px solid #000}</style></head><body><table><tr><th>Test</th><th># Passed</th><th># Skipped</th><th># Failed</th><th>Time (ms)</th><th>Included Groups</th><th>Excluded Groups</th></tr><tr><th colspan="7">Default suite</th></tr><tr><td><a href="#t0">Default test</a></td><td class="num">0</td><td class="num attn">5</td><td class="num">0</td><td class="num">343</td><td></td><td></td></tr></table><table><thead><tr><th>Class</th><th>Method</th><th>Start</th><th>Time (ms)</th></tr></thead><tbody><tr><th colspan="4">Default suite</th></tr></tbody><tbody id="t0"><tr><th colspan="4">Default test &#8212; failed (configuration methods)</th></tr><tr class="failedeven"><td rowspan="1">com.example.tests.ContactCreationTests</td><td><a href="#m0">setUp</a></td><td rowspan="1">1434483524960</td><td rowspan="1">0</td></tr><tr><th colspan="4">Default test &#8212; skipped (configuration methods)</th></tr><tr class="skippedeven"><td rowspan="1">com.example.tests.ContactCreationTests</td><td><a href="#m1">tearDown</a></td><td rowspan="1">1434483525301</td><td rowspan="1">0</td></tr><tr><th colspan="4">Default test &#8212; skipped</th></tr><tr class="skippedeven"><td rowspan="5">com.example.tests.ContactCreationTests</td><td><a href="#m2">testContactCreation</a></td><td rowspan="5">1434483525298</td><td rowspan="5">0</td></tr><tr class="skippedeven"><td><a href="#m3">testContactCreation</a></td></tr><tr class="skippedeven"><td><a href="#m4">testContactCreation</a></td></tr><tr class="skippedeven"><td><a href="#m5">testContactCreation</a></td></tr><tr class="skippedeven"><td><a href="#m6">testContactCreation</a></td></tr></tbody></table><h2>Default test</h2><h3 id="m0">com.example.tests.ContactCreationTests#setUp</h3><table class="result"><tr><th>Exception</th></tr><tr><td><div class="stacktrace">java.lang.ExceptionInInitializerError
	at com.example.fw.HibernateUtil.buildSessionFactory(HibernateUtil.java:18)
	at com.example.fw.HibernateUtil.&lt;clinit&gt;(HibernateUtil.java:8)
	at com.example.fw.HibernateHelper.listGroups(HibernateHelper.java:19)
	at com.example.fw.ApplicationManager.&lt;init&gt;(ApplicationManager.java:23)
	at com.example.tests.TestBase.setUp(TestBase.java:32)
	at sun.reflect.NativeMethodAccessorImpl.invoke0(Native Method)
	at sun.reflect.NativeMethodAccessorImpl.invoke(Unknown Source)
	at sun.reflect.DelegatingMethodAccessorImpl.invoke(Unknown Source)
	at java.lang.reflect.Method.invoke(Unknown Source)
	at org.testng.internal.MethodInvocationHelper.invokeMethod(MethodInvocationHelper.java:84)
	at org.testng.internal.Invoker.invokeConfigurationMethod(Invoker.java:564)
	at org.testng.internal.Invoker.invokeConfigurations(Invoker.java:213)
	at org.testng.internal.Invoker.invokeConfigurations(Invoker.java:138)
	at org.testng.TestRunner.beforeRun(TestRunner.java:641)
	at org.testng.TestRunner.run(TestRunner.java:609)
	at org.testng.SuiteRunner.runTest(SuiteRunner.java:334)
	at org.testng.SuiteRunner.runSequentially(SuiteRunner.java:329)
	at org.testng.SuiteRunner.privateRun(SuiteRunner.java:291)
	at org.testng.SuiteRunner.run(SuiteRunner.java:240)
	at org.testng.SuiteRunnerWorker.runSuite(SuiteRunnerWorker.java:52)
	at org.testng.SuiteRunnerWorker.run(SuiteRunnerWorker.java:86)
	at org.testng.TestNG.runSuitesSequentially(TestNG.java:1224)
	at org.testng.TestNG.runSuitesLocally(TestNG.java:1149)
	at org.testng.TestNG.run(TestNG.java:1057)
	at org.testng.remote.RemoteTestNG.run(RemoteTestNG.java:111)
	at org.testng.remote.RemoteTestNG.initAndRun(RemoteTestNG.java:204)
	at org.testng.remote.RemoteTestNG.main(RemoteTestNG.java:175)
Caused by: org.hibernate.InvalidMappingException: Unable to read XML
	at org.hibernate.internal.util.xml.MappingReader.legacyReadMappingDocument(MappingReader.java:375)
	at org.hibernate.internal.util.xml.MappingReader.readMappingDocument(MappingReader.java:304)
	at org.hibernate.cfg.Configuration.add(Configuration.java:518)
	at org.hibernate.cfg.Configuration.add(Configuration.java:514)
	at org.hibernate.cfg.Configuration.add(Configuration.java:688)
	at org.hibernate.cfg.Configuration.addResource(Configuration.java:771)
	at org.hibernate.cfg.Configuration.parseMappingElement(Configuration.java:2257)
	at org.hibernate.cfg.Configuration.parseSessionFactory(Configuration.java:2229)
	at org.hibernate.cfg.Configuration.doConfigure(Configuration.java:2209)
	at org.hibernate.cfg.Configuration.doConfigure(Configuration.java:2162)
	at org.hibernate.cfg.Configuration.configure(Configuration.java:2077)
	at org.hibernate.cfg.Configuration.configure(Configuration.java:2056)
	at com.example.fw.HibernateUtil.buildSessionFactory(HibernateUtil.java:13)
	... 26 more
Caused by: org.dom4j.DocumentException: Error on line 6 of document  : Element type &quot;property&quot; must be followed by either attribute specifications, &quot;&gt;&quot; or &quot;/&gt;&quot;. Nested exception: Element type &quot;property&quot; must be followed by either attribute specifications, &quot;&gt;&quot; or &quot;/&gt;&quot;.
	at org.dom4j.io.SAXReader.read(SAXReader.java:482)
	at org.hibernate.internal.util.xml.MappingReader.legacyReadMappingDocument(MappingReader.java:325)
	... 38 more
</div></td></tr></table><p class="totop"><a href="#summary">back to summary</a></p><h3 id="m1">com.example.tests.ContactCreationTests#tearDown</h3><table class="result"></table><p class="totop"><a href="#summary">back to summary</a></p><h3 id="m2">com.example.tests.ContactCreationTests#testContactCreation</h3><table class="result"><tr class="param"><th>Parameter #1</th></tr><tr class="param stripe"><td>com.example.tests.ContactData@6ef5ba29</td></tr></table><p class="totop"><a href="#summary">back to summary</a></p><h3 id="m3">com.example.tests.ContactCreationTests#testContactCreation</h3><table class="result"><tr class="param"><th>Parameter #1</th></tr><tr class="param stripe"><td>com.example.tests.ContactData@f32ce91b</td></tr></table><p class="totop"><a href="#summary">back to summary</a></p><h3 id="m4">com.example.tests.ContactCreationTests#testContactCreation</h3><table class="result"><tr class="param"><th>Parameter #1</th></tr><tr class="param stripe"><td>com.example.tests.ContactData@1f</td></tr></table><p class="totop"><a href="#summary">back to summary</a></p><h3 id="m5">com.example.tests.ContactCreationTests#testContactCreation</h3><table class="result"><tr class="param"><th>Parameter #1</th></tr><tr class="param stripe"><td>com.example.tests.ContactData@1fb0f989</td></tr></table><p class="totop"><a href="#summary">back to summary</a></p><h3 id="m6">com.example.tests.ContactCreationTests#testContactCreation</h3><table class="result"><tr class="param"><th>Parameter #1</th></tr><tr class="param stripe"><td>com.example.tests.ContactData@4d0e4fea</td></tr></table><p class="totop"><a href="#summary">back to summary</a></p></body></html>